Start testing: Jul 29 16:01 IST
----------------------------------------------------------
1/9 Testing: TutorialRuns
1/9 Test: TutorialRuns
Command: "/home/radix/cmake/table_custo_comm/build/Tutorial" "25"
Directory: /home/radix/cmake/table_custo_comm/build
"TutorialRuns" start time: Jul 29 16:01 IST
Output:
----------------------------------------------------------
---arg is 25.000000---
standard sqrt..
The square root of 25 is 5
<end of output>
Test time =   0.00 sec
----------------------------------------------------------
Test Passed.
"TutorialRuns" end time: Jul 29 16:01 IST
"TutorialRuns" time elapsed: 00:00:00
----------------------------------------------------------

2/9 Testing: TutorialUsage
2/9 Test: TutorialUsage
Command: "/home/radix/cmake/table_custo_comm/build/Tutorial"
Directory: /home/radix/cmake/table_custo_comm/build
"TutorialUsage" start time: Jul 29 16:01 IST
Output:
----------------------------------------------------------
/home/radix/cmake/table_custo_comm/build/Tutorial Version 1.0
Usage: /home/radix/cmake/table_custo_comm/build/Tutorial number
<end of output>
Test time =   0.00 sec
----------------------------------------------------------
Test Pass Reason:
Required regular expression found.Regex=[Usage:.*number
]
"TutorialUsage" end time: Jul 29 16:01 IST
"TutorialUsage" time elapsed: 00:00:00
----------------------------------------------------------

3/9 Testing: TutorialComp4
3/9 Test: TutorialComp4
Command: "/home/radix/cmake/table_custo_comm/build/Tutorial" "4"
Directory: /home/radix/cmake/table_custo_comm/build
"TutorialComp4" start time: Jul 29 16:01 IST
Output:
----------------------------------------------------------
---arg is 4.000000---
standard sqrt..
The square root of 4 is 2
<end of output>
Test time =   0.00 sec
----------------------------------------------------------
Test Pass Reason:
Required regular expression found.Regex=[4 is 2
]
"TutorialComp4" end time: Jul 29 16:01 IST
"TutorialComp4" time elapsed: 00:00:00
----------------------------------------------------------

4/9 Testing: TutorialComp9
4/9 Test: TutorialComp9
Command: "/home/radix/cmake/table_custo_comm/build/Tutorial" "9"
Directory: /home/radix/cmake/table_custo_comm/build
"TutorialComp9" start time: Jul 29 16:01 IST
Output:
----------------------------------------------------------
---arg is 9.000000---
standard sqrt..
The square root of 9 is 3
<end of output>
Test time =   0.00 sec
----------------------------------------------------------
Test Pass Reason:
Required regular expression found.Regex=[9 is 3
]
"TutorialComp9" end time: Jul 29 16:01 IST
"TutorialComp9" time elapsed: 00:00:00
----------------------------------------------------------

5/9 Testing: TutorialComp5
5/9 Test: TutorialComp5
Command: "/home/radix/cmake/table_custo_comm/build/Tutorial" "5"
Directory: /home/radix/cmake/table_custo_comm/build
"TutorialComp5" start time: Jul 29 16:01 IST
Output:
----------------------------------------------------------
---arg is 5.000000---
standard sqrt..
The square root of 5 is 2.23607
<end of output>
Test time =   0.00 sec
----------------------------------------------------------
Test Pass Reason:
Required regular expression found.Regex=[5 is 2.236
]
"TutorialComp5" end time: Jul 29 16:01 IST
"TutorialComp5" time elapsed: 00:00:00
----------------------------------------------------------

6/9 Testing: TutorialComp7
6/9 Test: TutorialComp7
Command: "/home/radix/cmake/table_custo_comm/build/Tutorial" "7"
Directory: /home/radix/cmake/table_custo_comm/build
"TutorialComp7" start time: Jul 29 16:01 IST
Output:
----------------------------------------------------------
---arg is 7.000000---
standard sqrt..
The square root of 7 is 2.64575
<end of output>
Test time =   0.00 sec
----------------------------------------------------------
Test Pass Reason:
Required regular expression found.Regex=[7 is 2.645
]
"TutorialComp7" end time: Jul 29 16:01 IST
"TutorialComp7" time elapsed: 00:00:00
----------------------------------------------------------

7/9 Testing: TutorialComp25
7/9 Test: TutorialComp25
Command: "/home/radix/cmake/table_custo_comm/build/Tutorial" "25"
Directory: /home/radix/cmake/table_custo_comm/build
"TutorialComp25" start time: Jul 29 16:01 IST
Output:
----------------------------------------------------------
---arg is 25.000000---
standard sqrt..
The square root of 25 is 5
<end of output>
Test time =   0.00 sec
----------------------------------------------------------
Test Pass Reason:
Required regular expression found.Regex=[25 is 5
]
"TutorialComp25" end time: Jul 29 16:01 IST
"TutorialComp25" time elapsed: 00:00:00
----------------------------------------------------------

8/9 Testing: TutorialComp-25
8/9 Test: TutorialComp-25
Command: "/home/radix/cmake/table_custo_comm/build/Tutorial" "-25"
Directory: /home/radix/cmake/table_custo_comm/build
"TutorialComp-25" start time: Jul 29 16:01 IST
Output:
----------------------------------------------------------
---arg is -25.000000---
standard sqrt..
The square root of 0 is 0
<end of output>
Test time =   0.01 sec
----------------------------------------------------------
Test Fail Reason:
Required regular expression not found.Regex=[-25 is 0
]
"TutorialComp-25" end time: Jul 29 16:01 IST
"TutorialComp-25" time elapsed: 00:00:00
----------------------------------------------------------

9/9 Testing: TutorialComp0.0001
9/9 Test: TutorialComp0.0001
Command: "/home/radix/cmake/table_custo_comm/build/Tutorial" "0.0001"
Directory: /home/radix/cmake/table_custo_comm/build
"TutorialComp0.0001" start time: Jul 29 16:01 IST
Output:
----------------------------------------------------------
---arg is 0.000100---
standard sqrt..
The square root of 0.0001 is 0.01
<end of output>
Test time =   0.00 sec
----------------------------------------------------------
Test Pass Reason:
Required regular expression found.Regex=[0.0001 is 0.01
]
"TutorialComp0.0001" end time: Jul 29 16:01 IST
"TutorialComp0.0001" time elapsed: 00:00:00
----------------------------------------------------------

End testing: Jul 29 16:01 IST
